INFO:root:2021-01-012021-01-02
INFO:root:The flux map year is not matching the asked year
INFO:root:go
INFO:root:GHG and Rn not at the same sampling height
INFO:root:No GHG data
INFO:root:2021-01-022021-01-03
INFO:root:The flux map year is not matching the asked year
INFO:root:go
INFO:root:GHG and Rn not at the same sampling height
INFO:root:No GHG data
INFO:root:2021-01-032021-01-04
INFO:root:The flux map year is not matching the asked year
INFO:root:go
INFO:root:GHG and Rn not at the same sampling height
INFO:root:No GHG data
INFO:root:2021-01-042021-01-05
INFO:root:The flux map year is not matching the asked year
INFO:root:go
INFO:root:GHG and Rn not at the same sampling height
INFO:root:No GHG data
INFO:root:2021-01-052021-01-06
INFO:root:The flux map year is not matching the asked year
INFO:root:go
INFO:root:GHG and Rn not at the same sampling height
INFO:root:No GHG data
INFO:root:2021-01-062021-01-07
INFO:root:The flux map year is not matching the asked year
INFO:root:go
INFO:root:GHG and Rn not at the same sampling height
INFO:root:No GHG data
INFO:root:2021-01-072021-01-08
INFO:root:The flux map year is not matching the asked year
INFO:root:2021-01-012021-01-02
INFO:root:go
INFO:root:Flux calculated!
INFO:root:2021-01-022021-01-03
INFO:root:go
INFO:root:Flux calculated!
INFO:root:2021-01-032021-01-04
INFO:root:go
INFO:root:Flux calculated!
INFO:root:2021-01-042021-01-05
INFO:root:go
INFO:root:Flux calculated!
